<?xml version="1.0" encoding="UTF-8"?>
<!-- Generated by org.testng.reporters.JUnitReportReporter -->
<testsuite hostname="LAPTOP-SIPBBGJH" failures="0" tests="3" name="failedtestanalysis.JCpennyTest" time="12.550" errors="0" timestamp="2024-03-30T22:17:40 EDT" skipped="0">
  <testcase classname="failedtestanalysis.JCpennyTest" name="searchBoxTest" time="4.604"/>
  <testcase classname="failedtestanalysis.JCpennyTest" name="logoTest" time="3.845"/>
  <testcase classname="failedtestanalysis.JCpennyTest" name="titleTest" time="4.101"/>
</testsuite> <!-- failedtestanalysis.JCpennyTest -->
