<?xml version="1.0" encoding="UTF-8"?>
<!-- Generated by org.testng.reporters.JUnitReportReporter -->
<testsuite hostname="LAPTOP-SIPBBGJH" failures="0" tests="3" name="failedtestanalysis.CostcoTest" time="15.658" errors="0" timestamp="2024-03-30T11:10:52 EDT" skipped="0">
  <testcase classname="failedtestanalysis.CostcoTest" name="logoTest" time="6.361"/>
  <testcase classname="failedtestanalysis.CostcoTest" name="cartlogoTest" time="5.047"/>
  <testcase classname="failedtestanalysis.CostcoTest" name="pageTitleTest" time="4.250"/>
</testsuite> <!-- failedtestanalysis.CostcoTest -->
