<?xml version="1.0" encoding="UTF-8"?>
<!-- Generated by org.testng.reporters.JUnitReportReporter -->
<testsuite hostname="LAPTOP-SIPBBGJH" failures="0" tests="3" name="failedtestanalysis.IndeedTest" time="6.937" errors="0" timestamp="2024-03-30T10:42:00 EDT" skipped="0">
  <testcase classname="failedtestanalysis.IndeedTest" name="logoTest" time="2.626"/>
  <testcase classname="failedtestanalysis.IndeedTest" name="searchFieldTest" time="2.278"/>
  <testcase classname="failedtestanalysis.IndeedTest" name="urlTest" time="2.033"/>
</testsuite> <!-- failedtestanalysis.IndeedTest -->
