<?xml version="1.0" encoding="UTF-8"?>
<!-- Generated by org.testng.reporters.JUnitReportReporter -->
<testsuite hostname="LAPTOP-SIPBBGJH" failures="0" tests="3" name="newMvnSelsessionsPrc.GoogleTest" time="10.978" errors="0" timestamp="2024-03-27T19:02:02 EDT" skipped="0">
  <testcase classname="newMvnSelsessionsPrc.GoogleTest" name="allAppsIconTest" time="2.472"/>
  <testcase classname="newMvnSelsessionsPrc.GoogleTest" name="logoTest" time="4.727"/>
  <testcase classname="newMvnSelsessionsPrc.GoogleTest" name="titleTest" time="3.779"/>
</testsuite> <!-- newMvnSelsessionsPrc.GoogleTest -->
