<?xml version="1.0" encoding="UTF-8"?>
<!-- Generated by org.testng.reporters.JUnitReportReporter -->
<testsuite hostname="LAPTOP-SIPBBGJH" failures="0" tests="3" name="testnghw.StaplesTest" time="17.753" errors="0" timestamp="2024-03-31T21:09:33 EDT" skipped="0">
  <testcase classname="testnghw.StaplesTest" name="searchBoxTest" time="5.080"/>
  <testcase classname="testnghw.StaplesTest" name="cartIconTest" time="6.313"/>
  <testcase classname="testnghw.StaplesTest" name="titleTest" time="6.360"/>
</testsuite> <!-- testnghw.StaplesTest -->
