<?xml version="1.0" encoding="UTF-8"?>
<!-- Generated by org.testng.reporters.JUnitReportReporter -->
<testsuite hostname="LAPTOP-SIPBBGJH" failures="0" tests="4" name="testnghw.EtsyTest" time="19.300" errors="0" timestamp="2024-03-31T20:57:12 EDT" skipped="0">
  <testcase classname="testnghw.EtsyTest" name="logintitleTest" time="4.322"/>
  <testcase classname="testnghw.EtsyTest" name="logoSvgEleTest" time="3.648"/>
  <testcase classname="testnghw.EtsyTest" name="searchBoxTest" time="6.615"/>
  <testcase classname="testnghw.EtsyTest" name="logoTest" time="4.715"/>
</testsuite> <!-- testnghw.EtsyTest -->
