<?xml version="1.0" encoding="UTF-8"?>
<!-- Generated by org.testng.reporters.JUnitReportReporter -->
<testsuite hostname="LAPTOP-SIPBBGJH" failures="0" tests="3" name="testngsessions.GoogleTest" time="6.607" errors="0" timestamp="2024-03-31T21:09:33 EDT" skipped="0">
  <testcase classname="testngsessions.GoogleTest" name="allAppsIconTest" time="2.255"/>
  <testcase classname="testngsessions.GoogleTest" name="logoTest" time="2.115"/>
  <testcase classname="testngsessions.GoogleTest" name="titleTest" time="2.237"/>
</testsuite> <!-- testngsessions.GoogleTest -->
